# JRE version: OpenJDK Runtime Environment (8.0_202-b03) (build 1.8.0_202-release-1483-b03)
# Java VM: OpenJDK 64-Bit Server VM (25.202-b03 mixed mode windows-amd64 compressed oops)
Heap:
 PSYoungGen      total 432640K, used 185777K [0x00000000e0000000, 0x0000000100000000, 0x0000000100000000)
  eden space 336384K, 55% used [0x00000000e0000000,0x00000000eb56c5f0,0x00000000f4880000)
  from space 96256K, 0% used [0x00000000fa200000,0x00000000fa200000,0x0000000100000000)
  to   space 91648K, 0% used [0x00000000f4880000,0x00000000f4880000,0x00000000fa200000)
 ParOldGen       total 333824K, used 82236K [0x00000000a0000000, 0x00000000b4600000, 0x00000000e0000000)
  object space 333824K, 24% used [0x00000000a0000000,0x00000000a504f2f0,0x00000000b4600000)
 Metaspace       used 162763K, capacity 171680K, committed 179988K, reserved 1206272K
  class space    used 20121K, capacity 21598K, committed 23100K, reserved 1048576K
GC Heap History (10 events):
Event: 20801.203 GC heap before
{Heap before GC invocations=76 (full 9):
 PSYoungGen      total 447488K, used 417206K [0x00000000e0000000, 0x0000000100000000, 0x0000000100000000)
  eden space 372736K, 99% used [0x00000000e0000000,0x00000000f6bfc718,0x00000000f6c00000)
  from space 74752K, 59% used [0x00000000fb700000,0x00000000fe271380,0x0000000100000000)
  to   space 75776K, 0% used [0x00000000f6c00000,0x00000000f6c00000,0x00000000fb600000)
 ParOldGen       total 333824K, used 86790K [0x00000000a0000000, 0x00000000b4600000, 0x00000000e0000000)
  object space 333824K, 25% used [0x00000000a0000000,0x00000000a54c1960,0x00000000b4600000)
 Metaspace       used 168211K, capacity 179168K, committed 179476K, reserved 1206272K
  class space    used 21099K, capacity 22942K, committed 23100K, reserved 1048576K
Event: 20801.487 GC heap after
Heap after GC invocations=76 (full 9):
 PSYoungGen      total 448512K, used 75751K [0x00000000e0000000, 0x0000000100000000, 0x0000000100000000)
  eden space 372736K, 0% used [0x00000000e0000000,0x00000000e0000000,0x00000000f6c00000)
  from space 75776K, 99% used [0x00000000f6c00000,0x00000000fb5f9f98,0x00000000fb600000)
  to   space 75776K, 0% used [0x00000000fb600000,0x00000000fb600000,0x0000000100000000)
 ParOldGen       total 333824K, used 103943K [0x00000000a0000000, 0x00000000b4600000, 0x00000000e0000000)
  object space 333824K, 31% used [0x00000000a0000000,0x00000000a6581cc8,0x00000000b4600000)
 Metaspace       used 168211K, capacity 179168K, committed 179476K, reserved 1206272K
  class space    used 21099K, capacity 22942K, committed 23100K, reserved 1048576K
}
Event: 21182.256 GC heap before
{Heap before GC invocations=77 (full 9):
 PSYoungGen      total 448512K, used 448487K [0x00000000e0000000, 0x0000000100000000, 0x0000000100000000)
  eden space 372736K, 100% used [0x00000000e0000000,0x00000000f6c00000,0x00000000f6c00000)
  from space 75776K, 99% used [0x00000000f6c00000,0x00000000fb5f9f98,0x00000000fb600000)
  to   space 75776K, 0% used [0x00000000fb600000,0x00000000fb600000,0x0000000100000000)
 ParOldGen       total 333824K, used 103943K [0x00000000a0000000, 0x00000000b4600000, 0x00000000e0000000)
  object space 333824K, 31% used [0x00000000a0000000,0x00000000a6581cc8,0x00000000b4600000)
 Metaspace       used 168293K, capacity 179360K, committed 179732K, reserved 1206272K
  class space    used 21111K, capacity 22962K, committed 23100K, reserved 1048576K
Event: 21182.681 GC heap after
Heap after GC invocations=77 (full 9):
 PSYoungGen      total 412672K, used 50039K [0x00000000e0000000, 0x0000000100000000, 0x0000000100000000)
  eden space 336896K, 0% used [0x00000000e0000000,0x00000000e0000000,0x00000000f4900000)
  from space 75776K, 66% used [0x00000000fb600000,0x00000000fe6ddd70,0x0000000100000000)
  to   space 93696K, 0% used [0x00000000f4900000,0x00000000f4900000,0x00000000fa480000)
 ParOldGen       total 333824K, used 103951K [0x00000000a0000000, 0x00000000b4600000, 0x00000000e0000000)
  object space 333824K, 31% used [0x00000000a0000000,0x00000000a6583cc8,0x00000000b4600000)
 Metaspace       used 168293K, capacity 179360K, committed 179732K, reserved 1206272K
  class space    used 21111K, capacity 22962K, committed 23100K, reserved 1048576K
}
Event: 21342.890 GC heap before
{Heap before GC invocations=78 (full 9):
 PSYoungGen      total 412672K, used 386935K [0x00000000e0000000, 0x0000000100000000, 0x0000000100000000)
  eden space 336896K, 100% used [0x00000000e0000000,0x00000000f4900000,0x00000000f4900000)
  from space 75776K, 66% used [0x00000000fb600000,0x00000000fe6ddd70,0x0000000100000000)
  to   space 93696K, 0% used [0x00000000f4900000,0x00000000f4900000,0x00000000fa480000)
 ParOldGen       total 333824K, used 103951K [0x00000000a0000000, 0x00000000b4600000, 0x00000000e0000000)
  object space 333824K, 31% used [0x00000000a0000000,0x00000000a6583cc8,0x00000000b4600000)
 Metaspace       used 168498K, capacity 179840K, committed 179988K, reserved 1206272K
  class space    used 21144K, capacity 23027K, committed 23100K, reserved 1048576K
Event: 21343.009 GC heap after
Heap after GC invocations=78 (full 9):
 PSYoungGen      total 398336K, used 60990K [0x00000000e0000000, 0x0000000100000000, 0x0000000100000000)
  eden space 336896K, 0% used [0x00000000e0000000,0x00000000e0000000,0x00000000f4900000)
  from space 61440K, 99% used [0x00000000f4900000,0x00000000f848f998,0x00000000f8500000)
  to   space 96256K, 0% used [0x00000000fa200000,0x00000000fa200000,0x0000000100000000)
 ParOldGen       total 333824K, used 103951K [0x00000000a0000000, 0x00000000b4600000, 0x00000000e0000000)
  object space 333824K, 31% used [0x00000000a0000000,0x00000000a6583cc8,0x00000000b4600000)
 Metaspace       used 168498K, capacity 179840K, committed 179988K, reserved 1206272K
  class space    used 21144K, capacity 23027K, committed 23100K, reserved 1048576K
}
Event: 23658.802 GC heap before
{Heap before GC invocations=79 (full 9):
 PSYoungGen      total 398336K, used 209271K [0x00000000e0000000, 0x0000000100000000, 0x0000000100000000)
  eden space 336896K, 44% used [0x00000000e0000000,0x00000000e90ce370,0x00000000f4900000)
  from space 61440K, 99% used [0x00000000f4900000,0x00000000f848f998,0x00000000f8500000)
  to   space 96256K, 0% used [0x00000000fa200000,0x00000000fa200000,0x0000000100000000)
 ParOldGen       total 333824K, used 103951K [0x00000000a0000000, 0x00000000b4600000, 0x00000000e0000000)
  object space 333824K, 31% used [0x00000000a0000000,0x00000000a6583cc8,0x00000000b4600000)
 Metaspace       used 168521K, capacity 179844K, committed 179988K, reserved 1206272K
  class space    used 21144K, capacity 23027K, committed 23100K, reserved 1048576K
Event: 23659.083 GC heap after
Heap after GC invocations=79 (full 9):
 PSYoungGen      total 432640K, used 43373K [0x00000000e0000000, 0x0000000100000000, 0x0000000100000000)
  eden space 336384K, 0% used [0x00000000e0000000,0x00000000e0000000,0x00000000f4880000)
  from space 96256K, 45% used [0x00000000fa200000,0x00000000fcc5b638,0x0000000100000000)
  to   space 91648K, 0% used [0x00000000f4880000,0x00000000f4880000,0x00000000fa200000)
 ParOldGen       total 333824K, used 103951K [0x00000000a0000000, 0x00000000b4600000, 0x00000000e0000000)
  object space 333824K, 31% used [0x00000000a0000000,0x00000000a6583cc8,0x00000000b4600000)
 Metaspace       used 168521K, capacity 179844K, committed 179988K, reserved 1206272K
  class space    used 21144K, capacity 23027K, committed 23100K, reserved 1048576K
}
Event: 23659.084 GC heap before
{Heap before GC invocations=80 (full 10):
 PSYoungGen      total 432640K, used 43373K [0x00000000e0000000, 0x0000000100000000, 0x0000000100000000)
  eden space 336384K, 0% used [0x00000000e0000000,0x00000000e0000000,0x00000000f4880000)
  from space 96256K, 45% used [0x00000000fa200000,0x00000000fcc5b638,0x0000000100000000)
  to   space 91648K, 0% used [0x00000000f4880000,0x00000000f4880000,0x00000000fa200000)
 ParOldGen       total 333824K, used 103951K [0x00000000a0000000, 0x00000000b4600000, 0x00000000e0000000)
  object space 333824K, 31% used [0x00000000a0000000,0x00000000a6583cc8,0x00000000b4600000)
 Metaspace       used 168521K, capacity 179844K, committed 179988K, reserved 1206272K
  class space    used 21144K, capacity 23027K, committed 23100K, reserved 1048576K
Event: 23661.917 GC heap after
Heap after GC invocations=80 (full 10):
 PSYoungGen      total 432640K, used 0K [0x00000000e0000000, 0x0000000100000000, 0x0000000100000000)
  eden space 336384K, 0% used [0x00000000e0000000,0x00000000e0000000,0x00000000f4880000)
  from space 96256K, 0% used [0x00000000fa200000,0x00000000fa200000,0x0000000100000000)
  to   space 91648K, 0% used [0x00000000f4880000,0x00000000f4880000,0x00000000fa200000)
 ParOldGen       total 333824K, used 82236K [0x00000000a0000000, 0x00000000b4600000, 0x00000000e0000000)
  object space 333824K, 24% used [0x00000000a0000000,0x00000000a504f2f0,0x00000000b4600000)
 Metaspace       used 162223K, capacity 170746K, committed 179988K, reserved 1206272K
  class space    used 20025K, capacity 21416K, committed 23100K, reserved 1048576K
}

